80
{ index: [Function] }
Express server listening on port 80
[90mGET / [32m200 [90m83ms - 2.04kb[0m
[90mGET /public/lib/bootstrap/css/bootstrap.min.css [32m200 [90m34ms - 97.62kb[0m
[90mGET /public/lib/js/require.js [32m200 [90m22ms - 14.9kb[0m
[90mGET /public/stylesheets/base.css [32m200 [90m33ms - 956b[0m
[90mGET /public/js/main.js [32m200 [90m50ms - 501b[0m
[90mGET / [36m304 [90m53ms[0m
[90mGET /public/lib/bootstrap/css/bootstrap.min.css [36m304 [90m7ms[0m
[90mGET /public/stylesheets/base.css [36m304 [90m7ms[0m
[90mGET /public/lib/js/require.js [36m304 [90m7ms[0m
[90mGET /public/js/main.js [36m304 [90m3ms[0m
[90mGET /blog/5540e24ee2de76bc7f000006 [32m200 [90m57ms - 4.22kb[0m
[90mGET /public/lib/bootstrap/css/bootstrap.min.css [36m304 [90m2ms[0m
[90mGET /public/stylesheets/base.css [36m304 [90m3ms[0m
[90mGET /public/lib/js/require.js [36m304 [90m4ms[0m
[90mGET /public/js/main.js [36m304 [90m3ms[0m
[90mGET /public/lib/js/jquery-1.11.0.min.js [32m200 [90m2ms - 113.14kb[0m
[90mGET /public/js/blog.js [32m200 [90m15ms - 207b[0m
[90mGET /blog/5540e24ee2de76bc7f000006 [36m304 [90m55ms[0m
[90mGET /public/lib/bootstrap/css/bootstrap.min.css [36m304 [90m2ms[0m
[90mGET /public/stylesheets/base.css [36m304 [90m3ms[0m
[90mGET /public/lib/js/require.js [36m304 [90m4ms[0m
[90mGET /public/js/main.js [36m304 [90m3ms[0m
[90mGET /public/lib/js/jquery-1.11.0.min.js [36m304 [90m0ms[0m
[90mGET /public/js/blog.js [36m304 [90m1ms[0m
{ host: 'localhost',
  connection: 'keep-alive',
  accept: 'text/html,application/xhtml+xml,application/xml;q=0.9,image/webp,*/*;q=0.8',
  'user-agent': 'Mozilla/5.0 (X11; Linux x86_64) AppleWebKit/537.36 (KHTML, like Gecko) Ubuntu Chromium/34.0.1847.116 Chrome/34.0.1847.116 Safari/537.36',
  referer: 'http://localhost/blog/5540e24ee2de76bc7f000006',
  'accept-encoding': 'gzip,deflate,sdch',
  'accept-language': 'zh-CN,zh;q=0.8,en;q=0.6' }
[90mGET /post [32m200 [90m9ms - 2.04kb[0m
[90mGET /public/lib/bootstrap/css/bootstrap.min.css [36m304 [90m2ms[0m
[90mGET /public/stylesheets/base.css [36m304 [90m1ms[0m
[90mGET /public/lib/js/require.js [36m304 [90m1ms[0m
[90mGET /public/js/main.js [36m304 [90m2ms[0m
